2025-07-05T03:53:30.601258704Z src/routes/file.ts(5,30): error TS7016: Could not find a declaration file for module 'uuid'. '/opt/render/project/src/server/node_modules/uuid/dist/index.js' implicitly has an 'any' type.
2025-07-05T03:53:30.601264514Z   Try `npm i --save-dev @types/uuid` if it exists or add a new declaration (.d.ts) file containing `declare module 'uuid';`
2025-07-05T03:53:30.601268065Z src/routes/file.ts(11,23): error TS7006: Parameter 'req' implicitly has an 'any' type.
2025-07-05T03:53:30.601275305Z src/routes/file.ts(11,28): error TS7006: Parameter 'file' implicitly has an 'any' type.
2025-07-05T03:53:30.601281495Z src/routes/file.ts(11,34): error TS7006: Parameter 'cb' implicitly has an 'any' type.
2025-07-05T03:53:30.601316338Z src/routes/file.ts(16,14): error TS7006: Parameter 'req' implicitly has an 'any' type.
2025-07-05T03:53:30.601324318Z src/routes/file.ts(16,19): error TS7006: Parameter 'file' implicitly has an 'any' type.
2025-07-05T03:53:30.601369801Z src/routes/file.ts(16,25): error TS7006: Parameter 'cb' implicitly has an 'any' type.
2025-07-05T03:53:30.601384933Z src/routes/file.ts(28,16): error TS7006: Parameter 'req' implicitly has an 'any' type.
2025-07-05T03:53:30.601409894Z src/routes/file.ts(28,21): error TS7006: Parameter 'file' implicitly has an 'any' type.
2025-07-05T03:53:30.601413555Z src/routes/file.ts(28,27): error TS7006: Parameter 'cb' implicitly has an 'any' type.
2025-07-05T03:53:30.601443757Z src/routes/file.ts(56,54): error TS7006: Parameter 'req' implicitly has an 'any' type.
2025-07-05T03:53:30.601447957Z src/routes/file.ts(56,59): error TS7006: Parameter 'res' implicitly has an 'any' type.
2025-07-05T03:53:30.601450847Z src/routes/file.ts(81,67): error TS7006: Parameter 'req' implicitly has an 'any' type.
2025-07-05T03:53:30.601457318Z src/routes/file.ts(81,72): error TS7006: Parameter 'res' implicitly has an 'any' type.
2025-07-05T03:53:30.601545094Z src/routes/file.ts(87,37): error TS7006: Parameter 'file' implicitly has an 'any' type.
2025-07-05T03:53:30.601549054Z src/routes/file.ts(106,36): error TS7006: Parameter 'req' implicitly has an 'any' type.
2025-07-05T03:53:30.601555994Z src/routes/file.ts(106,41): error TS7006: Parameter 'res' implicitly has an 'any' type.
2025-07-05T03:53:30.601559055Z src/routes/file.ts(130,40): error TS7006: Parameter 'req' implicitly has an 'any' type.
2025-07-05T03:53:30.601571235Z src/routes/file.ts(130,45): error TS7006: Parameter 'res' implicitly has an 'any' type.
2025-07-05T03:53:30.601608698Z src/routes/folders.ts(1,24): error TS7016: Could not find a declaration file for module 'express'. '/opt/render/project/src/server/node_modules/express/index.js' implicitly has an 'any' type.
2025-07-05T03:53:30.601612838Z   Try `npm i --save-dev @types/express` if it exists or add a new declaration (.d.ts) file containing `declare module 'express';`
2025-07-05T03:53:30.601625969Z src/routes/folders.ts(24,56): error TS7006: Parameter 'res' implicitly has an 'any' type.
2025-07-05T03:53:30.60163273Z src/routes/folders.ts(61,57): error TS7006: Parameter 'res' implicitly has an 'any' type.
2025-07-05T03:53:30.60163553Z src/routes/folders.ts(63,47): error TS2339: Property 'body' does not exist on type 'AuthRequest'.
2025-07-05T03:53:30.60163804Z src/routes/folders.ts(106,61): error TS7006: Parameter 'res' implicitly has an 'any' type.
2025-07-05T03:53:30.601648431Z src/routes/folders.ts(108,47): error TS2339: Property 'body' does not exist on type 'AuthRequest'.
2025-07-05T03:53:30.601652221Z src/routes/folders.ts(136,21): error TS2339: Property 'params' does not exist on type 'AuthRequest'.
2025-07-05T03:53:30.601658332Z src/routes/folders.ts(164,62): error TS7006: Parameter 'res' implicitly has an 'any' type.
2025-07-05T03:53:30.601663632Z src/routes/folders.ts(171,12): error TS2339: Property 'params' does not exist on type 'AuthRequest'.
2025-07-05T03:53:30.601696334Z src/routes/folders.ts(186,12): error TS2339: Property 'params' does not exist on type 'AuthRequest'.
2025-07-05T03:53:30.601699255Z src/routes/folders.ts(198,12): error TS2339: Property 'params' does not exist on type 'AuthRequest'.
2025-07-05T03:53:30.601701645Z src/routes/folders.ts(213,73): error TS7006: Parameter 'res' implicitly has an 'any' type.
2025-07-05T03:53:30.601706935Z src/routes/folders.ts(220,12): error TS2339: Property 'params' does not exist on type 'AuthRequest'.
2025-07-05T03:53:30.601709405Z src/routes/folders.ts(231,74): error TS7006: Parameter 'res' implicitly has an 'any' type.
2025-07-05T03:53:30.601740597Z src/routes/folders.ts(233,37): error TS2339: Property 'body' does not exist on type 'AuthRequest'.
2025-07-05T03:53:30.601743927Z src/routes/folders.ts(242,12): error TS2339: Property 'params' does not exist on type 'AuthRequest'.
2025-07-05T03:53:30.601791361Z src/routes/folders.ts(256,12): error TS2339: Property 'params' does not exist on type 'AuthRequest'.
2025-07-05T03:53:30.601810582Z src/routes/search.ts(1,24): error TS7016: Could not find a declaration file for module 'express'. '/opt/render/project/src/server/node_modules/express/index.js' implicitly has an 'any' type.
2025-07-05T03:53:30.601816053Z   Try `npm i --save-dev @types/express` if it exists or add a new declaration (.d.ts) file containing `declare module 'express';`
2025-07-05T03:53:30.601822883Z src/routes/search.ts(7,28): error TS7006: Parameter 'req' implicitly has an 'any' type.
2025-07-05T03:53:30.601851085Z src/routes/search.ts(7,33): error TS7006: Parameter 'res' implicitly has an 'any' type.
2025-07-05T03:53:30.601859796Z src/routes/search.ts(26,32): error TS7006: Parameter 'req' implicitly has an 'any' type.
2025-07-05T03:53:30.601864446Z src/routes/search.ts(26,37): error TS7006: Parameter 'res' implicitly has an 'any' type.
2025-07-05T03:53:30.601901529Z src/routes/search.ts(45,33): error TS7006: Parameter 'req' implicitly has an 'any' type.
2025-07-05T03:53:30.601904989Z src/routes/search.ts(45,38): error TS7006: Parameter 'res' implicitly has an 'any' type.
2025-07-05T03:53:30.601907579Z src/services/websocket.ts(2,30): error TS7016: Could not find a declaration file for module 'uuid'. '/opt/render/project/src/server/node_modules/uuid/dist/index.js' implicitly has an 'any' type.
2025-07-05T03:53:30.601909919Z   Try `npm i --save-dev @types/uuid` if it exists or add a new declaration (.d.ts) file containing `declare module 'uuid';`
2025-07-05T03:53:30.649347804Z ==> Build failed ðŸ˜ž
2025-07-05T03:53:30.649368745Z ==> Common ways to troubleshoot your deploy: https://render.com/docs/troubleshooting-deploys